{"/Users/samanthadickeson/Code/FAC16/WK2/Week-2-project-JASH/skeleton/test.js":{"path":"/Users/samanthadickeson/Code/FAC16/WK2/Week-2-project-JASH/skeleton/test.js","s":{"1":1,"2":1,"3":1,"4":1,"5":1,"6":1,"7":1,"8":1,"9":1,"10":1,"11":1,"12":1,"13":1,"14":1,"15":1,"16":1,"17":1,"18":1,"19":1,"20":1},"b":{},"f":{"1":1},"fnMap":{"1":{"name":"(anonymous_1)","line":4,"loc":{"start":{"line":4,"column":21},"end":{"line":4,"column":33}}}},"statementMap":{"1":{"start":{"line":1,"column":0},"end":{"line":1,"column":27}},"2":{"start":{"line":2,"column":0},"end":{"line":2,"column":31}},"3":{"start":{"line":4,"column":0},"end":{"line":7,"column":3}},"4":{"start":{"line":5,"column":2},"end":{"line":5,"column":11}},"5":{"start":{"line":6,"column":2},"end":{"line":6,"column":10}},"6":{"start":{"line":9,"column":0},"end":{"line":14,"column":3}},"7":{"start":{"line":10,"column":2},"end":{"line":10,"column":53}},"8":{"start":{"line":11,"column":2},"end":{"line":11,"column":28}},"9":{"start":{"line":12,"column":2},"end":{"line":12,"column":63}},"10":{"start":{"line":13,"column":2},"end":{"line":13,"column":10}},"11":{"start":{"line":31,"column":0},"end":{"line":46,"column":3}},"12":{"start":{"line":32,"column":2},"end":{"line":32,"column":45}},"13":{"start":{"line":33,"column":2},"end":{"line":39,"column":4}},"14":{"start":{"line":40,"column":2},"end":{"line":44,"column":4}},"15":{"start":{"line":45,"column":2},"end":{"line":45,"column":10}},"16":{"start":{"line":50,"column":0},"end":{"line":72,"column":3}},"17":{"start":{"line":51,"column":2},"end":{"line":57,"column":19}},"18":{"start":{"line":58,"column":2},"end":{"line":69,"column":3}},"19":{"start":{"line":70,"column":2},"end":{"line":70,"column":79}},"20":{"start":{"line":71,"column":2},"end":{"line":71,"column":10}}},"branchMap":{}},"/Users/samanthadickeson/Code/FAC16/WK2/Week-2-project-JASH/skeleton/logic.js":{"path":"/Users/samanthadickeson/Code/FAC16/WK2/Week-2-project-JASH/skeleton/logic.js","s":{"1":1,"2":1,"3":1,"4":3,"5":1,"6":3,"7":1,"8":3,"9":3,"10":3,"11":1,"12":1},"b":{"1":[1,0]},"f":{"1":1,"2":3,"3":3,"4":1,"5":3,"6":0,"7":0,"8":0},"fnMap":{"1":{"name":"(anonymous_1)","line":8,"loc":{"start":{"line":8,"column":15},"end":{"line":8,"column":26}}},"2":{"name":"incrementCounter","line":11,"loc":{"start":{"line":11,"column":4},"end":{"line":11,"column":32}}},"3":{"name":"(anonymous_3)","line":20,"loc":{"start":{"line":20,"column":23},"end":{"line":20,"column":39}}},"4":{"name":"(anonymous_4)","line":21,"loc":{"start":{"line":21,"column":21},"end":{"line":21,"column":36}}},"5":{"name":"(anonymous_5)","line":26,"loc":{"start":{"line":26,"column":11},"end":{"line":26,"column":36}}},"6":{"name":"(anonymous_6)","line":39,"loc":{"start":{"line":39,"column":14},"end":{"line":39,"column":42}}},"7":{"name":"(anonymous_7)","line":46,"loc":{"start":{"line":46,"column":12},"end":{"line":46,"column":38}}},"8":{"name":"(anonymous_8)","line":52,"loc":{"start":{"line":52,"column":13},"end":{"line":52,"column":43}}}},"statementMap":{"1":{"start":{"line":5,"column":0},"end":{"line":58,"column":2}},"2":{"start":{"line":9,"column":4},"end":{"line":9,"column":22}},"3":{"start":{"line":11,"column":4},"end":{"line":13,"column":5}},"4":{"start":{"line":12,"column":6},"end":{"line":12,"column":30}},"5":{"start":{"line":15,"column":4},"end":{"line":15,"column":28}},"6":{"start":{"line":21,"column":4},"end":{"line":23,"column":7}},"7":{"start":{"line":22,"column":6},"end":{"line":22,"column":46}},"8":{"start":{"line":27,"column":4},"end":{"line":27,"column":58}},"9":{"start":{"line":28,"column":4},"end":{"line":32,"column":7}},"10":{"start":{"line":33,"column":4},"end":{"line":33,"column":18}},"11":{"start":{"line":64,"column":0},"end":{"line":66,"column":1}},"12":{"start":{"line":65,"column":2},"end":{"line":65,"column":33}}},"branchMap":{"1":{"line":64,"type":"if","locations":[{"start":{"line":64,"column":0},"end":{"line":64,"column":0}},{"start":{"line":64,"column":0},"end":{"line":64,"column":0}}]}}}}