TN:
SF:/Users/samanthadickeson/Code/FAC16/WK2/Week-2-project-JASH/skeleton/test.js
FN:4,(anonymous_1)
FNF:1
FNH:1
FNDA:1,(anonymous_1)
DA:1,1
DA:2,1
DA:4,1
DA:5,1
DA:6,1
DA:9,1
DA:10,1
DA:11,1
DA:12,1
DA:13,1
DA:31,1
DA:32,1
DA:33,1
DA:40,1
DA:45,1
DA:50,1
DA:51,1
DA:58,1
DA:70,1
DA:71,1
LF:20
LH:20
BRF:0
BRH:0
end_of_record
TN:
SF:/Users/samanthadickeson/Code/FAC16/WK2/Week-2-project-JASH/skeleton/logic.js
FN:8,(anonymous_1)
FN:11,incrementCounter
FN:20,(anonymous_3)
FN:21,(anonymous_4)
FN:26,(anonymous_5)
FN:39,(anonymous_6)
FN:46,(anonymous_7)
FN:52,(anonymous_8)
FNF:8
FNH:5
FNDA:1,(anonymous_1)
FNDA:3,incrementCounter
FNDA:3,(anonymous_3)
FNDA:1,(anonymous_4)
FNDA:3,(anonymous_5)
FNDA:0,(anonymous_6)
FNDA:0,(anonymous_7)
FNDA:0,(anonymous_8)
DA:5,1
DA:9,1
DA:11,1
DA:12,3
DA:15,1
DA:21,3
DA:22,1
DA:27,3
DA:28,3
DA:33,3
DA:64,1
DA:65,1
LF:12
LH:12
BRDA:64,1,0,1
BRDA:64,1,1,0
BRF:2
BRH:1
end_of_record
